gm1/unityLibrary/AppsFlyer.plugin/build/intermediates/manifest_merge_blame_file/debug/manifest-merger-blame-debug-report.txt
1<?xml version="1.0" encoding="utf-8"?>
2<!-- GENERATED BY UNITY. REMOVE THIS COMMENT TO PREVENT OVERWRITING WHEN EXPORTING AGAIN -->
3<manifest xmlns:android="http://schemas.android.com/apk/res/android"
4    xmlns:tools="http://schemas.android.com/tools"
5    package="com.unity3d.player" >
6
7    <uses-sdk
8        android:minSdkVersion="1"
8-->unityLibrary\AppsFlyer.plugin\AndroidManifest.xml
9        android:targetSdkVersion="9" />
9-->unityLibrary\AppsFlyer.plugin\AndroidManifest.xml
10
11    <application>
11-->unityLibrary\AppsFlyer.plugin\AndroidManifest.xml:7:5-55:19
12        <activity
12-->unityLibrary\AppsFlyer.plugin\AndroidManifest.xml:8:9-54:20
13            android:name="com.unity3d.player.UnityPlayerActivity"
13-->unityLibrary\AppsFlyer.plugin\AndroidManifest.xml:8:19-72
14            android:theme="@style/UnityThemeSelector" >
14-->unityLibrary\AppsFlyer.plugin\AndroidManifest.xml:9:19-60
15            <intent-filter>
15-->unityLibrary\AppsFlyer.plugin\AndroidManifest.xml:10:13-13:29
16                <action android:name="android.intent.action.MAIN" />
16-->unityLibrary\AppsFlyer.plugin\AndroidManifest.xml:11:17-69
16-->unityLibrary\AppsFlyer.plugin\AndroidManifest.xml:11:25-66
17
18                <category android:name="android.intent.category.LAUNCHER" />
18-->unityLibrary\AppsFlyer.plugin\AndroidManifest.xml:12:17-77
18-->unityLibrary\AppsFlyer.plugin\AndroidManifest.xml:12:27-74
19            </intent-filter>
20            <intent-filter>
20-->unityLibrary\AppsFlyer.plugin\AndroidManifest.xml:15:13-23:40
21                <action android:name="android.intent.action.VIEW" />
21-->unityLibrary\AppsFlyer.plugin\AndroidManifest.xml:16:28-80
21-->unityLibrary\AppsFlyer.plugin\AndroidManifest.xml:16:36-77
22
23                <category android:name="android.intent.category.DEFAULT" />
23-->unityLibrary\AppsFlyer.plugin\AndroidManifest.xml:18:28-87
23-->unityLibrary\AppsFlyer.plugin\AndroidManifest.xml:18:38-84
24                <category android:name="android.intent.category.BROWSABLE" />
24-->unityLibrary\AppsFlyer.plugin\AndroidManifest.xml:19:28-89
24-->unityLibrary\AppsFlyer.plugin\AndroidManifest.xml:19:38-86
25
26                <data android:scheme="deep" />
26-->unityLibrary\AppsFlyer.plugin\AndroidManifest.xml:21:28-58
26-->unityLibrary\AppsFlyer.plugin\AndroidManifest.xml:21:34-55
27                <data android:host="linked" />
27-->unityLibrary\AppsFlyer.plugin\AndroidManifest.xml:21:28-58
27-->unityLibrary\AppsFlyer.plugin\AndroidManifest.xml:22:34-55
28            </intent-filter>
29            <intent-filter>
29-->unityLibrary\AppsFlyer.plugin\AndroidManifest.xml:24:24-32:40
30                <action android:name="android.intent.action.VIEW" />
30-->unityLibrary\AppsFlyer.plugin\AndroidManifest.xml:16:28-80
30-->unityLibrary\AppsFlyer.plugin\AndroidManifest.xml:16:36-77
31
32                <category android:name="android.intent.category.DEFAULT" />
32-->unityLibrary\AppsFlyer.plugin\AndroidManifest.xml:18:28-87
32-->unityLibrary\AppsFlyer.plugin\AndroidManifest.xml:18:38-84
33                <category android:name="android.intent.category.BROWSABLE" />
33-->unityLibrary\AppsFlyer.plugin\AndroidManifest.xml:19:28-89
33-->unityLibrary\AppsFlyer.plugin\AndroidManifest.xml:19:38-86
34
35                <data android:scheme="paz" />
35-->unityLibrary\AppsFlyer.plugin\AndroidManifest.xml:21:28-58
35-->unityLibrary\AppsFlyer.plugin\AndroidManifest.xml:21:34-55
36                <data android:host="retargeting" />
36-->unityLibrary\AppsFlyer.plugin\AndroidManifest.xml:21:28-58
36-->unityLibrary\AppsFlyer.plugin\AndroidManifest.xml:22:34-55
37            </intent-filter>
38            <intent-filter>
38-->unityLibrary\AppsFlyer.plugin\AndroidManifest.xml:33:24-41:40
39                <action android:name="android.intent.action.VIEW" />
39-->unityLibrary\AppsFlyer.plugin\AndroidManifest.xml:16:28-80
39-->unityLibrary\AppsFlyer.plugin\AndroidManifest.xml:16:36-77
40
41                <category android:name="android.intent.category.DEFAULT" />
41-->unityLibrary\AppsFlyer.plugin\AndroidManifest.xml:18:28-87
41-->unityLibrary\AppsFlyer.plugin\AndroidManifest.xml:18:38-84
42                <category android:name="android.intent.category.BROWSABLE" />
42-->unityLibrary\AppsFlyer.plugin\AndroidManifest.xml:19:28-89
42-->unityLibrary\AppsFlyer.plugin\AndroidManifest.xml:19:38-86
43
44                <data android:scheme="paz" />
44-->unityLibrary\AppsFlyer.plugin\AndroidManifest.xml:21:28-58
44-->unityLibrary\AppsFlyer.plugin\AndroidManifest.xml:21:34-55
45                <data android:host="deeplink" />
45-->unityLibrary\AppsFlyer.plugin\AndroidManifest.xml:21:28-58
45-->unityLibrary\AppsFlyer.plugin\AndroidManifest.xml:22:34-55
46            </intent-filter>
47            <intent-filter>
47-->unityLibrary\AppsFlyer.plugin\AndroidManifest.xml:42:24-52:40
48                <action android:name="android.intent.action.VIEW" />
48-->unityLibrary\AppsFlyer.plugin\AndroidManifest.xml:16:28-80
48-->unityLibrary\AppsFlyer.plugin\AndroidManifest.xml:16:36-77
49
50                <category android:name="android.intent.category.DEFAULT" />
50-->unityLibrary\AppsFlyer.plugin\AndroidManifest.xml:18:28-87
50-->unityLibrary\AppsFlyer.plugin\AndroidManifest.xml:18:38-84
51                <category android:name="android.intent.category.BROWSABLE" />
51-->unityLibrary\AppsFlyer.plugin\AndroidManifest.xml:19:28-89
51-->unityLibrary\AppsFlyer.plugin\AndroidManifest.xml:19:38-86
52
53                <data
53-->unityLibrary\AppsFlyer.plugin\AndroidManifest.xml:21:28-58
54                    android:host="paz.onelink.me"
54-->unityLibrary\AppsFlyer.plugin\AndroidManifest.xml:22:34-55
55                    android:pathPrefix="/waF3"
55-->unityLibrary\AppsFlyer.plugin\AndroidManifest.xml:50:32-58
56                    android:scheme="https" />
56-->unityLibrary\AppsFlyer.plugin\AndroidManifest.xml:21:34-55
57            </intent-filter>
58
59            <meta-data
59-->unityLibrary\AppsFlyer.plugin\AndroidManifest.xml:53:13-88
60                android:name="unityplayer.UnityActivity"
60-->unityLibrary\AppsFlyer.plugin\AndroidManifest.xml:53:24-64
61                android:value="true" />
61-->unityLibrary\AppsFlyer.plugin\AndroidManifest.xml:53:65-85
62        </activity>
63    </application>
64
65</manifest>